# JRE version: Java(TM) SE Runtime Environment (8.0_25-b18) (build 1.8.0_25-b18)
# Java VM: Java HotSpot(TM) 64-Bit Server VM (25.25-b02 mixed mode windows-amd64 compressed oops)
Heap:
 PSYoungGen      total 251904K, used 208927K [0x0000000716100000, 0x0000000741c00000, 0x00000007c0000000)
  eden space 230400K, 86% used [0x0000000716100000,0x000000072248d8d8,0x0000000724200000)
  from space 21504K, 40% used [0x0000000724200000,0x0000000724a7a528,0x0000000725700000)
  to   space 142336K, 0% used [0x0000000739100000,0x0000000739100000,0x0000000741c00000)
 ParOldGen       total 685568K, used 245563K [0x00000005c2200000, 0x00000005ebf80000, 0x0000000716100000)
  object space 685568K, 35% used [0x00000005c2200000,0x00000005d11ceea8,0x00000005ebf80000)
 Metaspace       used 32396K, capacity 33423K, committed 33536K, reserved 1079296K
  class space    used 4106K, capacity 4313K, committed 4352K, reserved 1048576K
GC Heap History (10 events):
Event: 1.839 GC heap before
{Heap before GC invocations=3 (full 1):
 PSYoungGen      total 152576K, used 131072K [0x0000000716100000, 0x0000000720b00000, 0x00000007c0000000)
  eden space 131072K, 100% used [0x0000000716100000,0x000000071e100000,0x000000071e100000)
  from space 21504K, 0% used [0x000000071e100000,0x000000071e100000,0x000000071f600000)
  to   space 21504K, 0% used [0x000000071f600000,0x000000071f600000,0x0000000720b00000)
 ParOldGen       total 245760K, used 7222K [0x00000005c2200000, 0x00000005d1200000, 0x0000000716100000)
  object space 245760K, 2% used [0x00000005c2200000,0x00000005c290d8d8,0x00000005d1200000)
 Metaspace       used 27643K, capacity 28659K, committed 28928K, reserved 1075200K
  class space    used 3584K, capacity 3799K, committed 3840K, reserved 1048576K
Event: 1.857 GC heap after
Heap after GC invocations=3 (full 1):
 PSYoungGen      total 152576K, used 21476K [0x0000000716100000, 0x0000000723580000, 0x00000007c0000000)
  eden space 131072K, 0% used [0x0000000716100000,0x0000000716100000,0x000000071e100000)
  from space 21504K, 99% used [0x000000071f600000,0x0000000720af92a0,0x0000000720b00000)
  to   space 21504K, 0% used [0x000000071e100000,0x000000071e100000,0x000000071f600000)
 ParOldGen       total 245760K, used 32837K [0x00000005c2200000, 0x00000005d1200000, 0x0000000716100000)
  object space 245760K, 13% used [0x00000005c2200000,0x00000005c4211538,0x00000005d1200000)
 Metaspace       used 27643K, capacity 28659K, committed 28928K, reserved 1075200K
  class space    used 3584K, capacity 3799K, committed 3840K, reserved 1048576K
}
Event: 1.965 GC heap before
{Heap before GC invocations=4 (full 1):
 PSYoungGen      total 152576K, used 152548K [0x0000000716100000, 0x0000000723580000, 0x00000007c0000000)
  eden space 131072K, 100% used [0x0000000716100000,0x000000071e100000,0x000000071e100000)
  from space 21504K, 99% used [0x000000071f600000,0x0000000720af92a0,0x0000000720b00000)
  to   space 21504K, 0% used [0x000000071e100000,0x000000071e100000,0x000000071f600000)
 ParOldGen       total 245760K, used 32837K [0x00000005c2200000, 0x00000005d1200000, 0x0000000716100000)
  object space 245760K, 13% used [0x00000005c2200000,0x00000005c4211538,0x00000005d1200000)
 Metaspace       used 27663K, capacity 28659K, committed 28928K, reserved 1075200K
  class space    used 3584K, capacity 3799K, committed 3840K, reserved 1048576K
Event: 1.992 GC heap after
Heap after GC invocations=4 (full 1):
 PSYoungGen      total 152576K, used 21487K [0x0000000716100000, 0x0000000726c00000, 0x00000007c0000000)
  eden space 131072K, 0% used [0x0000000716100000,0x0000000716100000,0x000000071e100000)
  from space 21504K, 99% used [0x000000071e100000,0x000000071f5fbd00,0x000000071f600000)
  to   space 21504K, 0% used [0x0000000725700000,0x0000000725700000,0x0000000726c00000)
 ParOldGen       total 245760K, used 88943K [0x00000005c2200000, 0x00000005d1200000, 0x0000000716100000)
  object space 245760K, 36% used [0x00000005c2200000,0x00000005c78dbeb8,0x00000005d1200000)
 Metaspace       used 27663K, capacity 28659K, committed 28928K, reserved 1075200K
  class space    used 3584K, capacity 3799K, committed 3840K, reserved 1048576K
}
Event: 2.070 GC heap before
{Heap before GC invocations=5 (full 1):
 PSYoungGen      total 152576K, used 152559K [0x0000000716100000, 0x0000000726c00000, 0x00000007c0000000)
  eden space 131072K, 100% used [0x0000000716100000,0x000000071e100000,0x000000071e100000)
  from space 21504K, 99% used [0x000000071e100000,0x000000071f5fbd00,0x000000071f600000)
  to   space 21504K, 0% used [0x0000000725700000,0x0000000725700000,0x0000000726c00000)
 ParOldGen       total 245760K, used 88943K [0x00000005c2200000, 0x00000005d1200000, 0x0000000716100000)
  object space 245760K, 36% used [0x00000005c2200000,0x00000005c78dbeb8,0x00000005d1200000)
 Metaspace       used 27669K, capacity 28659K, committed 28928K, reserved 1075200K
  class space    used 3584K, capacity 3799K, committed 3840K, reserved 1048576K
Event: 2.101 GC heap after
Heap after GC invocations=5 (full 1):
 PSYoungGen      total 251904K, used 21482K [0x0000000716100000, 0x0000000727700000, 0x00000007c0000000)
  eden space 230400K, 0% used [0x0000000716100000,0x0000000716100000,0x0000000724200000)
  from space 21504K, 99% used [0x0000000725700000,0x0000000726bfa820,0x0000000726c00000)
  to   space 21504K, 0% used [0x0000000724200000,0x0000000724200000,0x0000000725700000)
 ParOldGen       total 245760K, used 148445K [0x00000005c2200000, 0x00000005d1200000, 0x0000000716100000)
  object space 245760K, 60% used [0x00000005c2200000,0x00000005cb2f76f8,0x00000005d1200000)
 Metaspace       used 27669K, capacity 28659K, committed 28928K, reserved 1075200K
  class space    used 3584K, capacity 3799K, committed 3840K, reserved 1048576K
}
Event: 2.238 GC heap before
{Heap before GC invocations=6 (full 1):
 PSYoungGen      total 251904K, used 251882K [0x0000000716100000, 0x0000000727700000, 0x00000007c0000000)
  eden space 230400K, 100% used [0x0000000716100000,0x0000000724200000,0x0000000724200000)
  from space 21504K, 99% used [0x0000000725700000,0x0000000726bfa820,0x0000000726c00000)
  to   space 21504K, 0% used [0x0000000724200000,0x0000000724200000,0x0000000725700000)
 ParOldGen       total 245760K, used 148445K [0x00000005c2200000, 0x00000005d1200000, 0x0000000716100000)
  object space 245760K, 60% used [0x00000005c2200000,0x00000005cb2f76f8,0x00000005d1200000)
 Metaspace       used 27690K, capacity 28659K, committed 28928K, reserved 1075200K
  class space    used 3586K, capacity 3799K, committed 3840K, reserved 1048576K
Event: 2.287 GC heap after
Heap after GC invocations=6 (full 1):
 PSYoungGen      total 251904K, used 21503K [0x0000000716100000, 0x0000000741c00000, 0x00000007c0000000)
  eden space 230400K, 0% used [0x0000000716100000,0x0000000716100000,0x0000000724200000)
  from space 21504K, 99% used [0x0000000724200000,0x00000007256ffe20,0x0000000725700000)
  to   space 142336K, 0% used [0x0000000739100000,0x0000000739100000,0x0000000741c00000)
 ParOldGen       total 245760K, used 239498K [0x00000005c2200000, 0x00000005d1200000, 0x0000000716100000)
  object space 245760K, 97% used [0x00000005c2200000,0x00000005d0be2a00,0x00000005d1200000)
 Metaspace       used 27690K, capacity 28659K, committed 28928K, reserved 1075200K
  class space    used 3586K, capacity 3799K, committed 3840K, reserved 1048576K
}
Event: 2.287 GC heap before
{Heap before GC invocations=7 (full 2):
 PSYoungGen      total 251904K, used 21503K [0x0000000716100000, 0x0000000741c00000, 0x00000007c0000000)
  eden space 230400K, 0% used [0x0000000716100000,0x0000000716100000,0x0000000724200000)
  from space 21504K, 99% used [0x0000000724200000,0x00000007256ffe20,0x0000000725700000)
  to   space 142336K, 0% used [0x0000000739100000,0x0000000739100000,0x0000000741c00000)
 ParOldGen       total 245760K, used 239498K [0x00000005c2200000, 0x00000005d1200000, 0x0000000716100000)
  object space 245760K, 97% used [0x00000005c2200000,0x00000005d0be2a00,0x00000005d1200000)
 Metaspace       used 27690K, capacity 28659K, committed 28928K, reserved 1075200K
  class space    used 3586K, capacity 3799K, committed 3840K, reserved 1048576K
Event: 2.568 GC heap after
Heap after GC invocations=7 (full 2):
 PSYoungGen      total 251904K, used 8681K [0x0000000716100000, 0x0000000741c00000, 0x00000007c0000000)
  eden space 230400K, 0% used [0x0000000716100000,0x0000000716100000,0x0000000724200000)
  from space 21504K, 40% used [0x0000000724200000,0x0000000724a7a528,0x0000000725700000)
  to   space 142336K, 0% used [0x0000000739100000,0x0000000739100000,0x0000000741c00000)
 ParOldGen       total 685568K, used 245563K [0x00000005c2200000, 0x00000005ebf80000, 0x0000000716100000)
  object space 685568K, 35% used [0x00000005c2200000,0x00000005d11ceea8,0x00000005ebf80000)
 Metaspace       used 27690K, capacity 28659K, committed 28928K, reserved 1075200K
  class space    used 3586K, capacity 3799K, committed 3840K, reserved 1048576K
}

