# JRE version: Java(TM) SE Runtime Environment (8.0_25-b18) (build 1.8.0_25-b18)
# Java VM: Java HotSpot(TM) 64-Bit Server VM (25.25-b02 mixed mode windows-amd64 compressed oops)
Heap:
 PSYoungGen      total 417280K, used 104184K [0x0000000716100000, 0x000000073c800000, 0x00000007c0000000)
  eden space 352256K, 16% used [0x0000000716100000,0x00000007199ffcb0,0x000000072b900000)
  from space 65024K, 70% used [0x0000000738880000,0x000000073b53e410,0x000000073c800000)
  to   space 138752K, 0% used [0x000000072b900000,0x000000072b900000,0x0000000734080000)
 ParOldGen       total 690688K, used 245491K [0x00000005c2200000, 0x00000005ec480000, 0x0000000716100000)
  object space 690688K, 35% used [0x00000005c2200000,0x00000005d11bcf38,0x00000005ec480000)
 Metaspace       used 32708K, capacity 33603K, committed 33792K, reserved 1079296K
  class space    used 4095K, capacity 4287K, committed 4352K, reserved 1048576K
GC Heap History (10 events):
Event: 1.680 GC heap before
{Heap before GC invocations=4 (full 1):
 PSYoungGen      total 152576K, used 152567K [0x0000000716100000, 0x0000000722f80000, 0x00000007c0000000)
  eden space 131072K, 100% used [0x0000000716100000,0x000000071e100000,0x000000071e100000)
  from space 21504K, 99% used [0x000000071f600000,0x0000000720afdf80,0x0000000720b00000)
  to   space 21504K, 0% used [0x000000071e100000,0x000000071e100000,0x000000071f600000)
 ParOldGen       total 245760K, used 32602K [0x00000005c2200000, 0x00000005d1200000, 0x0000000716100000)
  object space 245760K, 13% used [0x00000005c2200000,0x00000005c41d69f0,0x00000005d1200000)
 Metaspace       used 27673K, capacity 28659K, committed 28928K, reserved 1075200K
  class space    used 3585K, capacity 3799K, committed 3840K, reserved 1048576K
Event: 1.708 GC heap after
Heap after GC invocations=4 (full 1):
 PSYoungGen      total 152576K, used 21493K [0x0000000716100000, 0x0000000726800000, 0x00000007c0000000)
  eden space 131072K, 0% used [0x0000000716100000,0x0000000716100000,0x000000071e100000)
  from space 21504K, 99% used [0x000000071e100000,0x000000071f5fd4e8,0x000000071f600000)
  to   space 21504K, 0% used [0x0000000725300000,0x0000000725300000,0x0000000726800000)
 ParOldGen       total 245760K, used 90690K [0x00000005c2200000, 0x00000005d1200000, 0x0000000716100000)
  object space 245760K, 36% used [0x00000005c2200000,0x00000005c7a909f0,0x00000005d1200000)
 Metaspace       used 27673K, capacity 28659K, committed 28928K, reserved 1075200K
  class space    used 3585K, capacity 3799K, committed 3840K, reserved 1048576K
}
Event: 1.782 GC heap before
{Heap before GC invocations=5 (full 1):
 PSYoungGen      total 152576K, used 152565K [0x0000000716100000, 0x0000000726800000, 0x00000007c0000000)
  eden space 131072K, 100% used [0x0000000716100000,0x000000071e100000,0x000000071e100000)
  from space 21504K, 99% used [0x000000071e100000,0x000000071f5fd4e8,0x000000071f600000)
  to   space 21504K, 0% used [0x0000000725300000,0x0000000725300000,0x0000000726800000)
 ParOldGen       total 245760K, used 90690K [0x00000005c2200000, 0x00000005d1200000, 0x0000000716100000)
  object space 245760K, 36% used [0x00000005c2200000,0x00000005c7a909f0,0x00000005d1200000)
 Metaspace       used 27678K, capacity 28659K, committed 28928K, reserved 1075200K
  class space    used 3585K, capacity 3799K, committed 3840K, reserved 1048576K
Event: 1.813 GC heap after
Heap after GC invocations=5 (full 1):
 PSYoungGen      total 247808K, used 21487K [0x0000000716100000, 0x0000000727300000, 0x00000007c0000000)
  eden space 226304K, 0% used [0x0000000716100000,0x0000000716100000,0x0000000723e00000)
  from space 21504K, 99% used [0x0000000725300000,0x00000007267fbce0,0x0000000726800000)
  to   space 21504K, 0% used [0x0000000723e00000,0x0000000723e00000,0x0000000725300000)
 ParOldGen       total 245760K, used 147056K [0x00000005c2200000, 0x00000005d1200000, 0x0000000716100000)
  object space 245760K, 59% used [0x00000005c2200000,0x00000005cb19c230,0x00000005d1200000)
 Metaspace       used 27678K, capacity 28659K, committed 28928K, reserved 1075200K
  class space    used 3585K, capacity 3799K, committed 3840K, reserved 1048576K
}
Event: 1.954 GC heap before
{Heap before GC invocations=6 (full 1):
 PSYoungGen      total 247808K, used 247791K [0x0000000716100000, 0x0000000727300000, 0x00000007c0000000)
  eden space 226304K, 100% used [0x0000000716100000,0x0000000723e00000,0x0000000723e00000)
  from space 21504K, 99% used [0x0000000725300000,0x00000007267fbce0,0x0000000726800000)
  to   space 21504K, 0% used [0x0000000723e00000,0x0000000723e00000,0x0000000725300000)
 ParOldGen       total 245760K, used 147056K [0x00000005c2200000, 0x00000005d1200000, 0x0000000716100000)
  object space 245760K, 59% used [0x00000005c2200000,0x00000005cb19c230,0x00000005d1200000)
 Metaspace       used 27690K, capacity 28659K, committed 28928K, reserved 1075200K
  class space    used 3585K, capacity 3799K, committed 3840K, reserved 1048576K
Event: 2.014 GC heap after
Heap after GC invocations=6 (full 1):
 PSYoungGen      total 247808K, used 21495K [0x0000000716100000, 0x0000000741780000, 0x00000007c0000000)
  eden space 226304K, 0% used [0x0000000716100000,0x0000000716100000,0x0000000723e00000)
  from space 21504K, 99% used [0x0000000723e00000,0x00000007252fdfb0,0x0000000725300000)
  to   space 146432K, 0% used [0x0000000738880000,0x0000000738880000,0x0000000741780000)
 ParOldGen       total 245760K, used 245633K [0x00000005c2200000, 0x00000005d1200000, 0x0000000716100000)
  object space 245760K, 99% used [0x00000005c2200000,0x00000005d11e0548,0x00000005d1200000)
 Metaspace       used 27690K, capacity 28659K, committed 28928K, reserved 1075200K
  class space    used 3585K, capacity 3799K, committed 3840K, reserved 1048576K
}
Event: 2.014 GC heap before
{Heap before GC invocations=7 (full 2):
 PSYoungGen      total 247808K, used 21495K [0x0000000716100000, 0x0000000741780000, 0x00000007c0000000)
  eden space 226304K, 0% used [0x0000000716100000,0x0000000716100000,0x0000000723e00000)
  from space 21504K, 99% used [0x0000000723e00000,0x00000007252fdfb0,0x0000000725300000)
  to   space 146432K, 0% used [0x0000000738880000,0x0000000738880000,0x0000000741780000)
 ParOldGen       total 245760K, used 245633K [0x00000005c2200000, 0x00000005d1200000, 0x0000000716100000)
  object space 245760K, 99% used [0x00000005c2200000,0x00000005d11e0548,0x00000005d1200000)
 Metaspace       used 27690K, capacity 28659K, committed 28928K, reserved 1075200K
  class space    used 3585K, capacity 3799K, committed 3840K, reserved 1048576K
Event: 2.313 GC heap after
Heap after GC invocations=7 (full 2):
 PSYoungGen      total 247808K, used 14383K [0x0000000716100000, 0x0000000741780000, 0x00000007c0000000)
  eden space 226304K, 0% used [0x0000000716100000,0x0000000716100000,0x0000000723e00000)
  from space 21504K, 66% used [0x0000000723e00000,0x0000000724c0bd98,0x0000000725300000)
  to   space 146432K, 0% used [0x0000000738880000,0x0000000738880000,0x0000000741780000)
 ParOldGen       total 690688K, used 245419K [0x00000005c2200000, 0x00000005ec480000, 0x0000000716100000)
  object space 690688K, 35% used [0x00000005c2200000,0x00000005d11aaf28,0x00000005ec480000)
 Metaspace       used 27690K, capacity 28659K, committed 28928K, reserved 1075200K
  class space    used 3585K, capacity 3799K, committed 3840K, reserved 1048576K
}
Event: 10.214 GC heap before
{Heap before GC invocations=8 (full 2):
 PSYoungGen      total 247808K, used 240687K [0x0000000716100000, 0x0000000741780000, 0x00000007c0000000)
  eden space 226304K, 100% used [0x0000000716100000,0x0000000723e00000,0x0000000723e00000)
  from space 21504K, 66% used [0x0000000723e00000,0x0000000724c0bd98,0x0000000725300000)
  to   space 146432K, 0% used [0x0000000738880000,0x0000000738880000,0x0000000741780000)
 ParOldGen       total 690688K, used 245419K [0x00000005c2200000, 0x00000005ec480000, 0x0000000716100000)
  object space 690688K, 35% used [0x00000005c2200000,0x00000005d11aaf28,0x00000005ec480000)
 Metaspace       used 32459K, capacity 33411K, committed 33536K, reserved 1079296K
  class space    used 4095K, capacity 4287K, committed 4352K, reserved 1048576K
Event: 10.241 GC heap after
Heap after GC invocations=8 (full 2):
 PSYoungGen      total 417280K, used 45817K [0x0000000716100000, 0x000000073c800000, 0x00000007c0000000)
  eden space 352256K, 0% used [0x0000000716100000,0x0000000716100000,0x000000072b900000)
  from space 65024K, 70% used [0x0000000738880000,0x000000073b53e410,0x000000073c800000)
  to   space 138752K, 0% used [0x000000072b900000,0x000000072b900000,0x0000000734080000)
 ParOldGen       total 690688K, used 245491K [0x00000005c2200000, 0x00000005ec480000, 0x0000000716100000)
  object space 690688K, 35% used [0x00000005c2200000,0x00000005d11bcf38,0x00000005ec480000)
 Metaspace       used 32459K, capacity 33411K, committed 33536K, reserved 1079296K
  class space    used 4095K, capacity 4287K, committed 4352K, reserved 1048576K
}

