# JRE version: Java(TM) SE Runtime Environment (8.0_25-b18) (build 1.8.0_25-b18)
# Java VM: Java HotSpot(TM) 64-Bit Server VM (25.25-b02 mixed mode windows-amd64 compressed oops)
Heap:
 PSYoungGen      total 246784K, used 212203K [0x0000000716100000, 0x0000000740c00000, 0x00000007c0000000)
  eden space 225280K, 90% used [0x0000000716100000,0x00000007227405a0,0x0000000723d00000)
  from space 21504K, 42% used [0x0000000723d00000,0x00000007245fa938,0x0000000725200000)
  to   space 143360K, 0% used [0x0000000738000000,0x0000000738000000,0x0000000740c00000)
 ParOldGen       total 689152K, used 245464K [0x00000005c2200000, 0x00000005ec300000, 0x0000000716100000)
  object space 689152K, 35% used [0x00000005c2200000,0x00000005d11b6048,0x00000005ec300000)
 Metaspace       used 30956K, capacity 31993K, committed 32128K, reserved 1077248K
  class space    used 3968K, capacity 4180K, committed 4224K, reserved 1048576K
GC Heap History (10 events):
Event: 1.674 GC heap before
{Heap before GC invocations=3 (full 1):
 PSYoungGen      total 152576K, used 131072K [0x0000000716100000, 0x0000000720b00000, 0x00000007c0000000)
  eden space 131072K, 100% used [0x0000000716100000,0x000000071e100000,0x000000071e100000)
  from space 21504K, 0% used [0x000000071e100000,0x000000071e100000,0x000000071f600000)
  to   space 21504K, 0% used [0x000000071f600000,0x000000071f600000,0x0000000720b00000)
 ParOldGen       total 245760K, used 7221K [0x00000005c2200000, 0x00000005d1200000, 0x0000000716100000)
  object space 245760K, 2% used [0x00000005c2200000,0x00000005c290d508,0x00000005d1200000)
 Metaspace       used 27654K, capacity 28659K, committed 28928K, reserved 1075200K
  class space    used 3589K, capacity 3799K, committed 3840K, reserved 1048576K
Event: 1.692 GC heap after
Heap after GC invocations=3 (full 1):
 PSYoungGen      total 152576K, used 21473K [0x0000000716100000, 0x0000000722e80000, 0x00000007c0000000)
  eden space 131072K, 0% used [0x0000000716100000,0x0000000716100000,0x000000071e100000)
  from space 21504K, 99% used [0x000000071f600000,0x0000000720af85b8,0x0000000720b00000)
  to   space 21504K, 0% used [0x000000071e100000,0x000000071e100000,0x000000071f600000)
 ParOldGen       total 245760K, used 32342K [0x00000005c2200000, 0x00000005d1200000, 0x0000000716100000)
  object space 245760K, 13% used [0x00000005c2200000,0x00000005c4195910,0x00000005d1200000)
 Metaspace       used 27654K, capacity 28659K, committed 28928K, reserved 1075200K
  class space    used 3589K, capacity 3799K, committed 3840K, reserved 1048576K
}
Event: 1.788 GC heap before
{Heap before GC invocations=4 (full 1):
 PSYoungGen      total 152576K, used 152545K [0x0000000716100000, 0x0000000722e80000, 0x00000007c0000000)
  eden space 131072K, 100% used [0x0000000716100000,0x000000071e100000,0x000000071e100000)
  from space 21504K, 99% used [0x000000071f600000,0x0000000720af85b8,0x0000000720b00000)
  to   space 21504K, 0% used [0x000000071e100000,0x000000071e100000,0x000000071f600000)
 ParOldGen       total 245760K, used 32342K [0x00000005c2200000, 0x00000005d1200000, 0x0000000716100000)
  object space 245760K, 13% used [0x00000005c2200000,0x00000005c4195910,0x00000005d1200000)
 Metaspace       used 27674K, capacity 28659K, committed 28928K, reserved 1075200K
  class space    used 3589K, capacity 3799K, committed 3840K, reserved 1048576K
Event: 1.816 GC heap after
Heap after GC invocations=4 (full 1):
 PSYoungGen      total 152576K, used 21503K [0x0000000716100000, 0x0000000726700000, 0x00000007c0000000)
  eden space 131072K, 0% used [0x0000000716100000,0x0000000716100000,0x000000071e100000)
  from space 21504K, 99% used [0x000000071e100000,0x000000071f5ffcc0,0x000000071f600000)
  to   space 21504K, 0% used [0x0000000725200000,0x0000000725200000,0x0000000726700000)
 ParOldGen       total 245760K, used 88660K [0x00000005c2200000, 0x00000005d1200000, 0x0000000716100000)
  object space 245760K, 36% used [0x00000005c2200000,0x00000005c78950d0,0x00000005d1200000)
 Metaspace       used 27674K, capacity 28659K, committed 28928K, reserved 1075200K
  class space    used 3589K, capacity 3799K, committed 3840K, reserved 1048576K
}
Event: 1.886 GC heap before
{Heap before GC invocations=5 (full 1):
 PSYoungGen      total 152576K, used 152575K [0x0000000716100000, 0x0000000726700000, 0x00000007c0000000)
  eden space 131072K, 100% used [0x0000000716100000,0x000000071e100000,0x000000071e100000)
  from space 21504K, 99% used [0x000000071e100000,0x000000071f5ffcc0,0x000000071f600000)
  to   space 21504K, 0% used [0x0000000725200000,0x0000000725200000,0x0000000726700000)
 ParOldGen       total 245760K, used 88660K [0x00000005c2200000, 0x00000005d1200000, 0x0000000716100000)
  object space 245760K, 36% used [0x00000005c2200000,0x00000005c78950d0,0x00000005d1200000)
 Metaspace       used 27683K, capacity 28659K, committed 28928K, reserved 1075200K
  class space    used 3589K, capacity 3799K, committed 3840K, reserved 1048576K
Event: 1.918 GC heap after
Heap after GC invocations=5 (full 1):
 PSYoungGen      total 246784K, used 21503K [0x0000000716100000, 0x0000000727300000, 0x00000007c0000000)
  eden space 225280K, 0% used [0x0000000716100000,0x0000000716100000,0x0000000723d00000)
  from space 21504K, 99% used [0x0000000725200000,0x00000007266ffcc0,0x0000000726700000)
  to   space 21504K, 0% used [0x0000000723d00000,0x0000000723d00000,0x0000000725200000)
 ParOldGen       total 245760K, used 147514K [0x00000005c2200000, 0x00000005d1200000, 0x0000000716100000)
  object space 245760K, 60% used [0x00000005c2200000,0x00000005cb20eaa0,0x00000005d1200000)
 Metaspace       used 27683K, capacity 28659K, committed 28928K, reserved 1075200K
  class space    used 3589K, capacity 3799K, committed 3840K, reserved 1048576K
}
Event: 2.076 GC heap before
{Heap before GC invocations=6 (full 1):
 PSYoungGen      total 246784K, used 246783K [0x0000000716100000, 0x0000000727300000, 0x00000007c0000000)
  eden space 225280K, 100% used [0x0000000716100000,0x0000000723d00000,0x0000000723d00000)
  from space 21504K, 99% used [0x0000000725200000,0x00000007266ffcc0,0x0000000726700000)
  to   space 21504K, 0% used [0x0000000723d00000,0x0000000723d00000,0x0000000725200000)
 ParOldGen       total 245760K, used 147514K [0x00000005c2200000, 0x00000005d1200000, 0x0000000716100000)
  object space 245760K, 60% used [0x00000005c2200000,0x00000005cb20eaa0,0x00000005d1200000)
 Metaspace       used 27706K, capacity 28659K, committed 28928K, reserved 1075200K
  class space    used 3591K, capacity 3799K, committed 3840K, reserved 1048576K
Event: 2.123 GC heap after
Heap after GC invocations=6 (full 1):
 PSYoungGen      total 246784K, used 21501K [0x0000000716100000, 0x0000000740c00000, 0x00000007c0000000)
  eden space 225280K, 0% used [0x0000000716100000,0x0000000716100000,0x0000000723d00000)
  from space 21504K, 99% used [0x0000000723d00000,0x00000007251ff588,0x0000000725200000)
  to   space 143360K, 0% used [0x0000000738000000,0x0000000738000000,0x0000000740c00000)
 ParOldGen       total 245760K, used 239959K [0x00000005c2200000, 0x00000005d1200000, 0x0000000716100000)
  object space 245760K, 97% used [0x00000005c2200000,0x00000005d0c55cc8,0x00000005d1200000)
 Metaspace       used 27706K, capacity 28659K, committed 28928K, reserved 1075200K
  class space    used 3591K, capacity 3799K, committed 3840K, reserved 1048576K
}
Event: 2.123 GC heap before
{Heap before GC invocations=7 (full 2):
 PSYoungGen      total 246784K, used 21501K [0x0000000716100000, 0x0000000740c00000, 0x00000007c0000000)
  eden space 225280K, 0% used [0x0000000716100000,0x0000000716100000,0x0000000723d00000)
  from space 21504K, 99% used [0x0000000723d00000,0x00000007251ff588,0x0000000725200000)
  to   space 143360K, 0% used [0x0000000738000000,0x0000000738000000,0x0000000740c00000)
 ParOldGen       total 245760K, used 239959K [0x00000005c2200000, 0x00000005d1200000, 0x0000000716100000)
  object space 245760K, 97% used [0x00000005c2200000,0x00000005d0c55cc8,0x00000005d1200000)
 Metaspace       used 27706K, capacity 28659K, committed 28928K, reserved 1075200K
  class space    used 3591K, capacity 3799K, committed 3840K, reserved 1048576K
Event: 2.412 GC heap after
Heap after GC invocations=7 (full 2):
 PSYoungGen      total 246784K, used 9194K [0x0000000716100000, 0x0000000740c00000, 0x00000007c0000000)
  eden space 225280K, 0% used [0x0000000716100000,0x0000000716100000,0x0000000723d00000)
  from space 21504K, 42% used [0x0000000723d00000,0x00000007245fa938,0x0000000725200000)
  to   space 143360K, 0% used [0x0000000738000000,0x0000000738000000,0x0000000740c00000)
 ParOldGen       total 689152K, used 245464K [0x00000005c2200000, 0x00000005ec300000, 0x0000000716100000)
  object space 689152K, 35% used [0x00000005c2200000,0x00000005d11b6048,0x00000005ec300000)
 Metaspace       used 27706K, capacity 28659K, committed 28928K, reserved 1075200K
  class space    used 3591K, capacity 3799K, committed 3840K, reserved 1048576K
}

