# JRE version: Java(TM) SE Runtime Environment (8.0_25-b18) (build 1.8.0_25-b18)
# Java VM: Java HotSpot(TM) 64-Bit Server VM (25.25-b02 mixed mode windows-amd64 compressed oops)
Heap:
 PSYoungGen      total 250368K, used 225916K [0x0000000716100000, 0x0000000741c00000, 0x00000007c0000000)
  eden space 228864K, 92% used [0x0000000716100000,0x00000007230cb080,0x0000000724080000)
  from space 21504K, 61% used [0x0000000724080000,0x0000000724d541b8,0x0000000725580000)
  to   space 144896K, 0% used [0x0000000738e80000,0x0000000738e80000,0x0000000741c00000)
 ParOldGen       total 681984K, used 241703K [0x00000005c2200000, 0x00000005ebc00000, 0x0000000716100000)
  object space 681984K, 35% used [0x00000005c2200000,0x00000005d0e09ce0,0x00000005ebc00000)
 Metaspace       used 31052K, capacity 31999K, committed 32128K, reserved 1077248K
  class space    used 3973K, capacity 4181K, committed 4224K, reserved 1048576K
GC Heap History (10 events):
Event: 1.805 GC heap before
{Heap before GC invocations=3 (full 1):
 PSYoungGen      total 152576K, used 131072K [0x0000000716100000, 0x0000000720b00000, 0x00000007c0000000)
  eden space 131072K, 100% used [0x0000000716100000,0x000000071e100000,0x000000071e100000)
  from space 21504K, 0% used [0x000000071e100000,0x000000071e100000,0x000000071f600000)
  to   space 21504K, 0% used [0x000000071f600000,0x000000071f600000,0x0000000720b00000)
 ParOldGen       total 242176K, used 7172K [0x00000005c2200000, 0x00000005d0e80000, 0x0000000716100000)
  object space 242176K, 2% used [0x00000005c2200000,0x00000005c29011c0,0x00000005d0e80000)
 Metaspace       used 27696K, capacity 28723K, committed 28928K, reserved 1075200K
  class space    used 3593K, capacity 3799K, committed 3840K, reserved 1048576K
Event: 1.823 GC heap after
Heap after GC invocations=3 (full 1):
 PSYoungGen      total 152576K, used 21482K [0x0000000716100000, 0x0000000723280000, 0x00000007c0000000)
  eden space 131072K, 0% used [0x0000000716100000,0x0000000716100000,0x000000071e100000)
  from space 21504K, 99% used [0x000000071f600000,0x0000000720afa828,0x0000000720b00000)
  to   space 21504K, 0% used [0x000000071e100000,0x000000071e100000,0x000000071f600000)
 ParOldGen       total 242176K, used 31430K [0x00000005c2200000, 0x00000005d0e80000, 0x0000000716100000)
  object space 242176K, 12% used [0x00000005c2200000,0x00000005c40b1928,0x00000005d0e80000)
 Metaspace       used 27696K, capacity 28723K, committed 28928K, reserved 1075200K
  class space    used 3593K, capacity 3799K, committed 3840K, reserved 1048576K
}
Event: 1.924 GC heap before
{Heap before GC invocations=4 (full 1):
 PSYoungGen      total 152576K, used 152554K [0x0000000716100000, 0x0000000723280000, 0x00000007c0000000)
  eden space 131072K, 100% used [0x0000000716100000,0x000000071e100000,0x000000071e100000)
  from space 21504K, 99% used [0x000000071f600000,0x0000000720afa828,0x0000000720b00000)
  to   space 21504K, 0% used [0x000000071e100000,0x000000071e100000,0x000000071f600000)
 ParOldGen       total 242176K, used 31430K [0x00000005c2200000, 0x00000005d0e80000, 0x0000000716100000)
  object space 242176K, 12% used [0x00000005c2200000,0x00000005c40b1928,0x00000005d0e80000)
 Metaspace       used 27715K, capacity 28723K, committed 28928K, reserved 1075200K
  class space    used 3593K, capacity 3799K, committed 3840K, reserved 1048576K
Event: 1.952 GC heap after
Heap after GC invocations=4 (full 1):
 PSYoungGen      total 152576K, used 21491K [0x0000000716100000, 0x0000000726a80000, 0x00000007c0000000)
  eden space 131072K, 0% used [0x0000000716100000,0x0000000716100000,0x000000071e100000)
  from space 21504K, 99% used [0x000000071e100000,0x000000071f5fcc18,0x000000071f600000)
  to   space 21504K, 0% used [0x0000000725580000,0x0000000725580000,0x0000000726a80000)
 ParOldGen       total 242176K, used 87900K [0x00000005c2200000, 0x00000005d0e80000, 0x0000000716100000)
  object space 242176K, 36% used [0x00000005c2200000,0x00000005c77d7108,0x00000005d0e80000)
 Metaspace       used 27715K, capacity 28723K, committed 28928K, reserved 1075200K
  class space    used 3593K, capacity 3799K, committed 3840K, reserved 1048576K
}
Event: 2.022 GC heap before
{Heap before GC invocations=5 (full 1):
 PSYoungGen      total 152576K, used 152563K [0x0000000716100000, 0x0000000726a80000, 0x00000007c0000000)
  eden space 131072K, 100% used [0x0000000716100000,0x000000071e100000,0x000000071e100000)
  from space 21504K, 99% used [0x000000071e100000,0x000000071f5fcc18,0x000000071f600000)
  to   space 21504K, 0% used [0x0000000725580000,0x0000000725580000,0x0000000726a80000)
 ParOldGen       total 242176K, used 87900K [0x00000005c2200000, 0x00000005d0e80000, 0x0000000716100000)
  object space 242176K, 36% used [0x00000005c2200000,0x00000005c77d7108,0x00000005d0e80000)
 Metaspace       used 27719K, capacity 28723K, committed 28928K, reserved 1075200K
  class space    used 3593K, capacity 3799K, committed 3840K, reserved 1048576K
Event: 2.054 GC heap after
Heap after GC invocations=5 (full 1):
 PSYoungGen      total 250368K, used 21483K [0x0000000716100000, 0x0000000727600000, 0x00000007c0000000)
  eden space 228864K, 0% used [0x0000000716100000,0x0000000716100000,0x0000000724080000)
  from space 21504K, 99% used [0x0000000725580000,0x0000000726a7ae10,0x0000000726a80000)
  to   space 21504K, 0% used [0x0000000724080000,0x0000000724080000,0x0000000725580000)
 ParOldGen       total 242176K, used 146326K [0x00000005c2200000, 0x00000005d0e80000, 0x0000000716100000)
  object space 242176K, 60% used [0x00000005c2200000,0x00000005cb0e5928,0x00000005d0e80000)
 Metaspace       used 27719K, capacity 28723K, committed 28928K, reserved 1075200K
  class space    used 3593K, capacity 3799K, committed 3840K, reserved 1048576K
}
Event: 2.190 GC heap before
{Heap before GC invocations=6 (full 1):
 PSYoungGen      total 250368K, used 250347K [0x0000000716100000, 0x0000000727600000, 0x00000007c0000000)
  eden space 228864K, 100% used [0x0000000716100000,0x0000000724080000,0x0000000724080000)
  from space 21504K, 99% used [0x0000000725580000,0x0000000726a7ae10,0x0000000726a80000)
  to   space 21504K, 0% used [0x0000000724080000,0x0000000724080000,0x0000000725580000)
 ParOldGen       total 242176K, used 146326K [0x00000005c2200000, 0x00000005d0e80000, 0x0000000716100000)
  object space 242176K, 60% used [0x00000005c2200000,0x00000005cb0e5928,0x00000005d0e80000)
 Metaspace       used 27743K, capacity 28723K, committed 28928K, reserved 1075200K
  class space    used 3595K, capacity 3799K, committed 3840K, reserved 1048576K
Event: 2.237 GC heap after
Heap after GC invocations=6 (full 1):
 PSYoungGen      total 250368K, used 21473K [0x0000000716100000, 0x0000000741c00000, 0x00000007c0000000)
  eden space 228864K, 0% used [0x0000000716100000,0x0000000716100000,0x0000000724080000)
  from space 21504K, 99% used [0x0000000724080000,0x00000007255786f8,0x0000000725580000)
  to   space 144896K, 0% used [0x0000000738e80000,0x0000000738e80000,0x0000000741c00000)
 ParOldGen       total 242176K, used 241969K [0x00000005c2200000, 0x00000005d0e80000, 0x0000000716100000)
  object space 242176K, 99% used [0x00000005c2200000,0x00000005d0e4c560,0x00000005d0e80000)
 Metaspace       used 27743K, capacity 28723K, committed 28928K, reserved 1075200K
  class space    used 3595K, capacity 3799K, committed 3840K, reserved 1048576K
}
Event: 2.237 GC heap before
{Heap before GC invocations=7 (full 2):
 PSYoungGen      total 250368K, used 21473K [0x0000000716100000, 0x0000000741c00000, 0x00000007c0000000)
  eden space 228864K, 0% used [0x0000000716100000,0x0000000716100000,0x0000000724080000)
  from space 21504K, 99% used [0x0000000724080000,0x00000007255786f8,0x0000000725580000)
  to   space 144896K, 0% used [0x0000000738e80000,0x0000000738e80000,0x0000000741c00000)
 ParOldGen       total 242176K, used 241969K [0x00000005c2200000, 0x00000005d0e80000, 0x0000000716100000)
  object space 242176K, 99% used [0x00000005c2200000,0x00000005d0e4c560,0x00000005d0e80000)
 Metaspace       used 27743K, capacity 28723K, committed 28928K, reserved 1075200K
  class space    used 3595K, capacity 3799K, committed 3840K, reserved 1048576K
Event: 2.546 GC heap after
Heap after GC invocations=7 (full 2):
 PSYoungGen      total 250368K, used 13136K [0x0000000716100000, 0x0000000741c00000, 0x00000007c0000000)
  eden space 228864K, 0% used [0x0000000716100000,0x0000000716100000,0x0000000724080000)
  from space 21504K, 61% used [0x0000000724080000,0x0000000724d541b8,0x0000000725580000)
  to   space 144896K, 0% used [0x0000000738e80000,0x0000000738e80000,0x0000000741c00000)
 ParOldGen       total 681984K, used 241703K [0x00000005c2200000, 0x00000005ebc00000, 0x0000000716100000)
  object space 681984K, 35% used [0x00000005c2200000,0x00000005d0e09ce0,0x00000005ebc00000)
 Metaspace       used 27743K, capacity 28723K, committed 28928K, reserved 1075200K
  class space    used 3595K, capacity 3799K, committed 3840K, reserved 1048576K
}

