# JRE version: Java(TM) SE Runtime Environment (8.0_25-b18) (build 1.8.0_25-b18)
# Java VM: Java HotSpot(TM) 64-Bit Server VM (25.25-b02 mixed mode windows-amd64 compressed oops)
Heap:
 PSYoungGen      total 138752K, used 62401K [0x000000076ac00000, 0x0000000775280000, 0x00000007c0000000)
  eden space 118784K, 43% used [0x000000076ac00000,0x000000076debbe60,0x0000000772000000)
  from space 19968K, 52% used [0x0000000772000000,0x0000000772a34788,0x0000000773380000)
  to   space 19456K, 0% used [0x0000000773f80000,0x0000000773f80000,0x0000000775280000)
 ParOldGen       total 125440K, used 22758K [0x00000006c0400000, 0x00000006c7e80000, 0x000000076ac00000)
  object space 125440K, 18% used [0x00000006c0400000,0x00000006c1a39820,0x00000006c7e80000)
 Metaspace       used 30959K, capacity 31781K, committed 32000K, reserved 1077248K
  class space    used 3858K, capacity 4048K, committed 4096K, reserved 1048576K
GC Heap History (10 events):
Event: 5.238 GC heap before
{Heap before GC invocations=6 (full 1):
 PSYoungGen      total 92160K, used 92137K [0x000000076ac00000, 0x0000000771080000, 0x00000007c0000000)
  eden space 81408K, 100% used [0x000000076ac00000,0x000000076fb80000,0x000000076fb80000)
  from space 10752K, 99% used [0x0000000770600000,0x000000077107a5c0,0x0000000771080000)
  to   space 10752K, 0% used [0x000000076fb80000,0x000000076fb80000,0x0000000770600000)
 ParOldGen       total 125440K, used 22718K [0x00000006c0400000, 0x00000006c7e80000, 0x000000076ac00000)
  object space 125440K, 18% used [0x00000006c0400000,0x00000006c1a2f820,0x00000006c7e80000)
 Metaspace       used 29938K, capacity 30737K, committed 30848K, reserved 1077248K
  class space    used 3790K, capacity 3960K, committed 3968K, reserved 1048576K
Event: 5.243 GC heap after
Heap after GC invocations=6 (full 1):
 PSYoungGen      total 92160K, used 10417K [0x000000076ac00000, 0x0000000773880000, 0x00000007c0000000)
  eden space 81408K, 0% used [0x000000076ac00000,0x000000076ac00000,0x000000076fb80000)
  from space 10752K, 96% used [0x000000076fb80000,0x00000007705ac788,0x0000000770600000)
  to   space 22016K, 0% used [0x0000000772300000,0x0000000772300000,0x0000000773880000)
 ParOldGen       total 125440K, used 22726K [0x00000006c0400000, 0x00000006c7e80000, 0x000000076ac00000)
  object space 125440K, 18% used [0x00000006c0400000,0x00000006c1a31820,0x00000006c7e80000)
 Metaspace       used 29938K, capacity 30737K, committed 30848K, reserved 1077248K
  class space    used 3790K, capacity 3960K, committed 3968K, reserved 1048576K
}
Event: 6.269 GC heap before
{Heap before GC invocations=7 (full 1):
 PSYoungGen      total 92160K, used 91825K [0x000000076ac00000, 0x0000000773880000, 0x00000007c0000000)
  eden space 81408K, 100% used [0x000000076ac00000,0x000000076fb80000,0x000000076fb80000)
  from space 10752K, 96% used [0x000000076fb80000,0x00000007705ac788,0x0000000770600000)
  to   space 22016K, 0% used [0x0000000772300000,0x0000000772300000,0x0000000773880000)
 ParOldGen       total 125440K, used 22726K [0x00000006c0400000, 0x00000006c7e80000, 0x000000076ac00000)
  object space 125440K, 18% used [0x00000006c0400000,0x00000006c1a31820,0x00000006c7e80000)
 Metaspace       used 30074K, capacity 30865K, committed 31104K, reserved 1077248K
  class space    used 3790K, capacity 3960K, committed 3968K, reserved 1048576K
Event: 6.274 GC heap after
Heap after GC invocations=7 (full 1):
 PSYoungGen      total 118784K, used 10353K [0x000000076ac00000, 0x0000000773600000, 0x00000007c0000000)
  eden space 99328K, 0% used [0x000000076ac00000,0x000000076ac00000,0x0000000770d00000)
  from space 19456K, 53% used [0x0000000772300000,0x0000000772d1c788,0x0000000773600000)
  to   space 20992K, 0% used [0x0000000770d00000,0x0000000770d00000,0x0000000772180000)
 ParOldGen       total 125440K, used 22734K [0x00000006c0400000, 0x00000006c7e80000, 0x000000076ac00000)
  object space 125440K, 18% used [0x00000006c0400000,0x00000006c1a33820,0x00000006c7e80000)
 Metaspace       used 30074K, capacity 30865K, committed 31104K, reserved 1077248K
  class space    used 3790K, capacity 3960K, committed 3968K, reserved 1048576K
}
Event: 7.627 GC heap before
{Heap before GC invocations=8 (full 1):
 PSYoungGen      total 118784K, used 109681K [0x000000076ac00000, 0x0000000773600000, 0x00000007c0000000)
  eden space 99328K, 100% used [0x000000076ac00000,0x0000000770d00000,0x0000000770d00000)
  from space 19456K, 53% used [0x0000000772300000,0x0000000772d1c788,0x0000000773600000)
  to   space 20992K, 0% used [0x0000000770d00000,0x0000000770d00000,0x0000000772180000)
 ParOldGen       total 125440K, used 22734K [0x00000006c0400000, 0x00000006c7e80000, 0x000000076ac00000)
  object space 125440K, 18% used [0x00000006c0400000,0x00000006c1a33820,0x00000006c7e80000)
 Metaspace       used 30623K, capacity 31505K, committed 31744K, reserved 1077248K
  class space    used 3854K, capacity 4048K, committed 4096K, reserved 1048576K
Event: 7.631 GC heap after
Heap after GC invocations=8 (full 1):
 PSYoungGen      total 120320K, used 10513K [0x000000076ac00000, 0x0000000774900000, 0x00000007c0000000)
  eden space 99328K, 0% used [0x000000076ac00000,0x000000076ac00000,0x0000000770d00000)
  from space 20992K, 50% used [0x0000000770d00000,0x0000000771744788,0x0000000772180000)
  to   space 20480K, 0% used [0x0000000773500000,0x0000000773500000,0x0000000774900000)
 ParOldGen       total 125440K, used 22742K [0x00000006c0400000, 0x00000006c7e80000, 0x000000076ac00000)
  object space 125440K, 18% used [0x00000006c0400000,0x00000006c1a35820,0x00000006c7e80000)
 Metaspace       used 30623K, capacity 31505K, committed 31744K, reserved 1077248K
  class space    used 3854K, capacity 4048K, committed 4096K, reserved 1048576K
}
Event: 8.977 GC heap before
{Heap before GC invocations=9 (full 1):
 PSYoungGen      total 120320K, used 109841K [0x000000076ac00000, 0x0000000774900000, 0x00000007c0000000)
  eden space 99328K, 100% used [0x000000076ac00000,0x0000000770d00000,0x0000000770d00000)
  from space 20992K, 50% used [0x0000000770d00000,0x0000000771744788,0x0000000772180000)
  to   space 20480K, 0% used [0x0000000773500000,0x0000000773500000,0x0000000774900000)
 ParOldGen       total 125440K, used 22742K [0x00000006c0400000, 0x00000006c7e80000, 0x000000076ac00000)
  object space 125440K, 18% used [0x00000006c0400000,0x00000006c1a35820,0x00000006c7e80000)
 Metaspace       used 30752K, capacity 31633K, committed 31744K, reserved 1077248K
  class space    used 3858K, capacity 4048K, committed 4096K, reserved 1048576K
Event: 8.981 GC heap after
Heap after GC invocations=9 (full 1):
 PSYoungGen      total 137216K, used 10528K [0x000000076ac00000, 0x0000000774700000, 0x00000007c0000000)
  eden space 118784K, 0% used [0x000000076ac00000,0x000000076ac00000,0x0000000772000000)
  from space 18432K, 57% used [0x0000000773500000,0x0000000773f48040,0x0000000774700000)
  to   space 19968K, 0% used [0x0000000772000000,0x0000000772000000,0x0000000773380000)
 ParOldGen       total 125440K, used 22750K [0x00000006c0400000, 0x00000006c7e80000, 0x000000076ac00000)
  object space 125440K, 18% used [0x00000006c0400000,0x00000006c1a37820,0x00000006c7e80000)
 Metaspace       used 30752K, capacity 31633K, committed 31744K, reserved 1077248K
  class space    used 3858K, capacity 4048K, committed 4096K, reserved 1048576K
}
Event: 10.587 GC heap before
{Heap before GC invocations=10 (full 1):
 PSYoungGen      total 137216K, used 129312K [0x000000076ac00000, 0x0000000774700000, 0x00000007c0000000)
  eden space 118784K, 100% used [0x000000076ac00000,0x0000000772000000,0x0000000772000000)
  from space 18432K, 57% used [0x0000000773500000,0x0000000773f48040,0x0000000774700000)
  to   space 19968K, 0% used [0x0000000772000000,0x0000000772000000,0x0000000773380000)
 ParOldGen       total 125440K, used 22750K [0x00000006c0400000, 0x00000006c7e80000, 0x000000076ac00000)
  object space 125440K, 18% used [0x00000006c0400000,0x00000006c1a37820,0x00000006c7e80000)
 Metaspace       used 30873K, capacity 31705K, committed 32000K, reserved 1077248K
  class space    used 3858K, capacity 4048K, committed 4096K, reserved 1048576K
Event: 10.591 GC heap after
Heap after GC invocations=10 (full 1):
 PSYoungGen      total 138752K, used 10449K [0x000000076ac00000, 0x0000000775280000, 0x00000007c0000000)
  eden space 118784K, 0% used [0x000000076ac00000,0x000000076ac00000,0x0000000772000000)
  from space 19968K, 52% used [0x0000000772000000,0x0000000772a34788,0x0000000773380000)
  to   space 19456K, 0% used [0x0000000773f80000,0x0000000773f80000,0x0000000775280000)
 ParOldGen       total 125440K, used 22758K [0x00000006c0400000, 0x00000006c7e80000, 0x000000076ac00000)
  object space 125440K, 18% used [0x00000006c0400000,0x00000006c1a39820,0x00000006c7e80000)
 Metaspace       used 30873K, capacity 31705K, committed 32000K, reserved 1077248K
  class space    used 3858K, capacity 4048K, committed 4096K, reserved 1048576K
}

