# JRE version: Java(TM) SE Runtime Environment (8.0_25-b18) (build 1.8.0_25-b18)
# Java VM: Java HotSpot(TM) 64-Bit Server VM (25.25-b02 mixed mode windows-amd64 compressed oops)
Heap:
 PSYoungGen      total 246784K, used 181312K [0x0000000716100000, 0x0000000740d80000, 0x00000007c0000000)
  eden space 225280K, 76% used [0x0000000716100000,0x0000000720a14788,0x0000000723d00000)
  from space 21504K, 38% used [0x0000000723d00000,0x00000007244fba48,0x0000000725200000)
  to   space 142848K, 0% used [0x0000000738200000,0x0000000738200000,0x0000000740d80000)
 ParOldGen       total 686080K, used 245797K [0x00000005c2200000, 0x00000005ec000000, 0x0000000716100000)
  object space 686080K, 35% used [0x00000005c2200000,0x00000005d1209528,0x00000005ec000000)
 Metaspace       used 32033K, capacity 33043K, committed 33280K, reserved 1079296K
  class space    used 4106K, capacity 4313K, committed 4352K, reserved 1048576K
GC Heap History (10 events):
Event: 1.678 GC heap before
{Heap before GC invocations=3 (full 1):
 PSYoungGen      total 152576K, used 131072K [0x0000000716100000, 0x0000000720b00000, 0x00000007c0000000)
  eden space 131072K, 100% used [0x0000000716100000,0x000000071e100000,0x000000071e100000)
  from space 21504K, 0% used [0x000000071e100000,0x000000071e100000,0x000000071f600000)
  to   space 21504K, 0% used [0x000000071f600000,0x000000071f600000,0x0000000720b00000)
 ParOldGen       total 246272K, used 7220K [0x00000005c2200000, 0x00000005d1280000, 0x0000000716100000)
  object space 246272K, 2% used [0x00000005c2200000,0x00000005c290d240,0x00000005d1280000)
 Metaspace       used 27643K, capacity 28659K, committed 28928K, reserved 1075200K
  class space    used 3584K, capacity 3799K, committed 3840K, reserved 1048576K
Event: 1.698 GC heap after
Heap after GC invocations=3 (full 1):
 PSYoungGen      total 152576K, used 21501K [0x0000000716100000, 0x0000000723000000, 0x00000007c0000000)
  eden space 131072K, 0% used [0x0000000716100000,0x0000000716100000,0x000000071e100000)
  from space 21504K, 99% used [0x000000071f600000,0x0000000720aff5b0,0x0000000720b00000)
  to   space 21504K, 0% used [0x000000071e100000,0x000000071e100000,0x000000071f600000)
 ParOldGen       total 246272K, used 32070K [0x00000005c2200000, 0x00000005d1280000, 0x0000000716100000)
  object space 246272K, 13% used [0x00000005c2200000,0x00000005c4151a38,0x00000005d1280000)
 Metaspace       used 27643K, capacity 28659K, committed 28928K, reserved 1075200K
  class space    used 3584K, capacity 3799K, committed 3840K, reserved 1048576K
}
Event: 1.797 GC heap before
{Heap before GC invocations=4 (full 1):
 PSYoungGen      total 152576K, used 152573K [0x0000000716100000, 0x0000000723000000, 0x00000007c0000000)
  eden space 131072K, 100% used [0x0000000716100000,0x000000071e100000,0x000000071e100000)
  from space 21504K, 99% used [0x000000071f600000,0x0000000720aff5b0,0x0000000720b00000)
  to   space 21504K, 0% used [0x000000071e100000,0x000000071e100000,0x000000071f600000)
 ParOldGen       total 246272K, used 32070K [0x00000005c2200000, 0x00000005d1280000, 0x0000000716100000)
  object space 246272K, 13% used [0x00000005c2200000,0x00000005c4151a38,0x00000005d1280000)
 Metaspace       used 27664K, capacity 28659K, committed 28928K, reserved 1075200K
  class space    used 3584K, capacity 3799K, committed 3840K, reserved 1048576K
Event: 1.825 GC heap after
Heap after GC invocations=4 (full 1):
 PSYoungGen      total 152576K, used 21503K [0x0000000716100000, 0x0000000726700000, 0x00000007c0000000)
  eden space 131072K, 0% used [0x0000000716100000,0x0000000716100000,0x000000071e100000)
  from space 21504K, 99% used [0x000000071e100000,0x000000071f5ffd08,0x000000071f600000)
  to   space 21504K, 0% used [0x0000000725200000,0x0000000725200000,0x0000000726700000)
 ParOldGen       total 246272K, used 88918K [0x00000005c2200000, 0x00000005d1280000, 0x0000000716100000)
  object space 246272K, 36% used [0x00000005c2200000,0x00000005c78d5a38,0x00000005d1280000)
 Metaspace       used 27664K, capacity 28659K, committed 28928K, reserved 1075200K
  class space    used 3584K, capacity 3799K, committed 3840K, reserved 1048576K
}
Event: 1.904 GC heap before
{Heap before GC invocations=5 (full 1):
 PSYoungGen      total 152576K, used 152575K [0x0000000716100000, 0x0000000726700000, 0x00000007c0000000)
  eden space 131072K, 100% used [0x0000000716100000,0x000000071e100000,0x000000071e100000)
  from space 21504K, 99% used [0x000000071e100000,0x000000071f5ffd08,0x000000071f600000)
  to   space 21504K, 0% used [0x0000000725200000,0x0000000725200000,0x0000000726700000)
 ParOldGen       total 246272K, used 88918K [0x00000005c2200000, 0x00000005d1280000, 0x0000000716100000)
  object space 246272K, 36% used [0x00000005c2200000,0x00000005c78d5a38,0x00000005d1280000)
 Metaspace       used 27670K, capacity 28659K, committed 28928K, reserved 1075200K
  class space    used 3584K, capacity 3799K, committed 3840K, reserved 1048576K
Event: 1.935 GC heap after
Heap after GC invocations=5 (full 1):
 PSYoungGen      total 246784K, used 21502K [0x0000000716100000, 0x0000000727200000, 0x00000007c0000000)
  eden space 225280K, 0% used [0x0000000716100000,0x0000000716100000,0x0000000723d00000)
  from space 21504K, 99% used [0x0000000725200000,0x00000007266ff8e8,0x0000000726700000)
  to   space 21504K, 0% used [0x0000000723d00000,0x0000000723d00000,0x0000000725200000)
 ParOldGen       total 246272K, used 146956K [0x00000005c2200000, 0x00000005d1280000, 0x0000000716100000)
  object space 246272K, 59% used [0x00000005c2200000,0x00000005cb183258,0x00000005d1280000)
 Metaspace       used 27670K, capacity 28659K, committed 28928K, reserved 1075200K
  class space    used 3584K, capacity 3799K, committed 3840K, reserved 1048576K
}
Event: 2.071 GC heap before
{Heap before GC invocations=6 (full 1):
 PSYoungGen      total 246784K, used 246782K [0x0000000716100000, 0x0000000727200000, 0x00000007c0000000)
  eden space 225280K, 100% used [0x0000000716100000,0x0000000723d00000,0x0000000723d00000)
  from space 21504K, 99% used [0x0000000725200000,0x00000007266ff8e8,0x0000000726700000)
  to   space 21504K, 0% used [0x0000000723d00000,0x0000000723d00000,0x0000000725200000)
 ParOldGen       total 246272K, used 146956K [0x00000005c2200000, 0x00000005d1280000, 0x0000000716100000)
  object space 246272K, 59% used [0x00000005c2200000,0x00000005cb183258,0x00000005d1280000)
 Metaspace       used 27693K, capacity 28659K, committed 28928K, reserved 1075200K
  class space    used 3586K, capacity 3799K, committed 3840K, reserved 1048576K
Event: 2.124 GC heap after
Heap after GC invocations=6 (full 1):
 PSYoungGen      total 246784K, used 21503K [0x0000000716100000, 0x0000000740d80000, 0x00000007c0000000)
  eden space 225280K, 0% used [0x0000000716100000,0x0000000716100000,0x0000000723d00000)
  from space 21504K, 99% used [0x0000000723d00000,0x00000007251ffd08,0x0000000725200000)
  to   space 142848K, 0% used [0x0000000738200000,0x0000000738200000,0x0000000740d80000)
 ParOldGen       total 246272K, used 239226K [0x00000005c2200000, 0x00000005d1280000, 0x0000000716100000)
  object space 246272K, 97% used [0x00000005c2200000,0x00000005d0b9e818,0x00000005d1280000)
 Metaspace       used 27693K, capacity 28659K, committed 28928K, reserved 1075200K
  class space    used 3586K, capacity 3799K, committed 3840K, reserved 1048576K
}
Event: 2.124 GC heap before
{Heap before GC invocations=7 (full 2):
 PSYoungGen      total 246784K, used 21503K [0x0000000716100000, 0x0000000740d80000, 0x00000007c0000000)
  eden space 225280K, 0% used [0x0000000716100000,0x0000000716100000,0x0000000723d00000)
  from space 21504K, 99% used [0x0000000723d00000,0x00000007251ffd08,0x0000000725200000)
  to   space 142848K, 0% used [0x0000000738200000,0x0000000738200000,0x0000000740d80000)
 ParOldGen       total 246272K, used 239226K [0x00000005c2200000, 0x00000005d1280000, 0x0000000716100000)
  object space 246272K, 97% used [0x00000005c2200000,0x00000005d0b9e818,0x00000005d1280000)
 Metaspace       used 27693K, capacity 28659K, committed 28928K, reserved 1075200K
  class space    used 3586K, capacity 3799K, committed 3840K, reserved 1048576K
Event: 2.412 GC heap after
Heap after GC invocations=7 (full 2):
 PSYoungGen      total 246784K, used 8174K [0x0000000716100000, 0x0000000740d80000, 0x00000007c0000000)
  eden space 225280K, 0% used [0x0000000716100000,0x0000000716100000,0x0000000723d00000)
  from space 21504K, 38% used [0x0000000723d00000,0x00000007244fba48,0x0000000725200000)
  to   space 142848K, 0% used [0x0000000738200000,0x0000000738200000,0x0000000740d80000)
 ParOldGen       total 686080K, used 245797K [0x00000005c2200000, 0x00000005ec000000, 0x0000000716100000)
  object space 686080K, 35% used [0x00000005c2200000,0x00000005d1209528,0x00000005ec000000)
 Metaspace       used 27693K, capacity 28659K, committed 28928K, reserved 1075200K
  class space    used 3586K, capacity 3799K, committed 3840K, reserved 1048576K
}

